<?xml version="1.0" encoding="UTF-8"?>
<testsuite name="com.lec.packages.ApplicationTests" tests="1" skipped="0" failures="0" errors="0" timestamp="2024-12-12T15:56:40" hostname="ihyejiui-MacBookAir.local" time="0.315">
  <properties/>
  <testcase name="contextLoads()" classname="com.lec.packages.ApplicationTests" time="0.315"/>
  <system-out><![CDATA[00:56:35.138 [Test worker] INFO org.springframework.test.context.support.AnnotationConfigContextLoaderUtils -- Could not detect default configuration classes for test class [com.lec.packages.ApplicationTests]: ApplicationTests does not declare any static, non-private, non-final, nested classes annotated with @Configuration.
00:56:35.202 [Test worker] INFO org.springframework.boot.test.context.SpringBootTestContextBootstrapper -- Found @SpringBootConfiguration com.lec.packages.Application for test class com.lec.packages.ApplicationTests

  .   ____          _            __ _ _
 /\\ / ___'_ __ _ _(_)_ __  __ _ \ \ \ \
( ( )\___ | '_ | '_| | '_ \/ _` | \ \ \ \
 \\/  ___)| |_)| | | | | || (_| |  ) ) ) )
  '  |____| .__|_| |_|_| |_\__, | / / / /
 =========|_|==============|___/=/_/_/_/

 :: Spring Boot ::                (v3.4.0)

2024-12-13T00:56:35.466+09:00  INFO 9804 --- [demo] [    Test worker] com.lec.packages.ApplicationTests        : Starting ApplicationTests using Java 17.0.13 with PID 9804 (started by hyeji in /Users/hyeji/git/92_new)
2024-12-13T00:56:35.467+09:00  INFO 9804 --- [demo] [    Test worker] com.lec.packages.ApplicationTests        : No active profile set, falling back to 1 default profile: "default"
2024-12-13T00:56:35.867+09:00  INFO 9804 --- [demo] [    Test worker] .s.d.r.c.RepositoryConfigurationDelegate : Bootstrapping Spring Data JPA repositories in DEFAULT mode.
2024-12-13T00:56:35.882+09:00  INFO 9804 --- [demo] [    Test worker] .s.d.r.c.RepositoryConfigurationDelegate : Finished Spring Data repository scanning in 9 ms. Found 0 JPA repository interfaces.
2024-12-13T00:56:36.185+09:00  INFO 9804 --- [demo] [    Test worker] o.hibernate.jpa.internal.util.LogHelper  : HHH000204: Processing PersistenceUnitInfo [name: default]
2024-12-13T00:56:36.215+09:00  INFO 9804 --- [demo] [    Test worker] org.hibernate.Version                    : HHH000412: Hibernate ORM core version 6.6.2.Final
2024-12-13T00:56:36.231+09:00  INFO 9804 --- [demo] [    Test worker] o.h.c.internal.RegionFactoryInitiator    : HHH000026: Second-level cache disabled
2024-12-13T00:56:36.373+09:00  INFO 9804 --- [demo] [    Test worker] o.s.o.j.p.SpringPersistenceUnitInfo      : No LoadTimeWeaver setup: ignoring JPA class transformer
2024-12-13T00:56:36.388+09:00  INFO 9804 --- [demo] [    Test worker] com.zaxxer.hikari.HikariDataSource       : HikariPool-1 - Starting...
2024-12-13T00:56:38.462+09:00  INFO 9804 --- [demo] [    Test worker] com.zaxxer.hikari.pool.HikariPool        : HikariPool-1 - Added connection com.mysql.cj.jdbc.ConnectionImpl@31fe0ce5
2024-12-13T00:56:38.466+09:00  INFO 9804 --- [demo] [    Test worker] com.zaxxer.hikari.HikariDataSource       : HikariPool-1 - Start completed.
2024-12-13T00:56:38.821+09:00  WARN 9804 --- [demo] [    Test worker] org.hibernate.orm.deprecation            : HHH90000025: MySQLDialect does not need to be specified explicitly using 'hibernate.dialect' (remove the property setting and it will be selected by default)
2024-12-13T00:56:38.839+09:00  INFO 9804 --- [demo] [    Test worker] org.hibernate.orm.connections.pooling    : HHH10001005: Database info:
	Database JDBC URL [Connecting through datasource 'HikariDataSource (HikariPool-1)']
	Database driver: undefined/unknown
	Database version: 8.0.34
	Autocommit mode: undefined/unknown
	Isolation level: undefined/unknown
	Minimum pool size: undefined/unknown
	Maximum pool size: undefined/unknown
2024-12-13T00:56:39.372+09:00  INFO 9804 --- [demo] [    Test worker] o.h.e.t.j.p.i.JtaPlatformInitiator       : HHH000489: No JTA platform available (set 'hibernate.transaction.jta.platform' to enable JTA platform integration)
2024-12-13T00:56:40.296+09:00  INFO 9804 --- [demo] [    Test worker] j.LocalContainerEntityManagerFactoryBean : Initialized JPA EntityManagerFactory for persistence unit 'default'
2024-12-13T00:56:40.425+09:00  WARN 9804 --- [demo] [    Test worker] JpaBaseConfiguration$JpaWebConfiguration : spring.jpa.open-in-view is enabled by default. Therefore, database queries may be performed during view rendering. Explicitly configure spring.jpa.open-in-view to disable this warning
2024-12-13T00:56:40.439+09:00  INFO 9804 --- [demo] [    Test worker] o.s.b.a.w.s.WelcomePageHandlerMapping    : Adding welcome page template: index
2024-12-13T00:56:40.688+09:00  INFO 9804 --- [demo] [    Test worker] com.lec.packages.ApplicationTests        : Started ApplicationTests in 5.393 seconds (process running for 6.088)
]]></system-out>
  <system-err><![CDATA[]]></system-err>
</testsuite>
