<?xml version="1.0" encoding="UTF-8"?>
<testsuite name="com.lec.packages.ApplicationTests" tests="1" skipped="0" failures="0" errors="0" timestamp="2024-12-12T13:01:19" hostname="ihyejiui-MacBookAir.local" time="0.364">
  <properties/>
  <testcase name="contextLoads()" classname="com.lec.packages.ApplicationTests" time="0.364"/>
  <system-out><![CDATA[22:01:15.386 [Test worker] INFO org.springframework.test.context.support.AnnotationConfigContextLoaderUtils -- Could not detect default configuration classes for test class [com.lec.packages.ApplicationTests]: ApplicationTests does not declare any static, non-private, non-final, nested classes annotated with @Configuration.
22:01:15.451 [Test worker] INFO org.springframework.boot.test.context.SpringBootTestContextBootstrapper -- Found @SpringBootConfiguration com.lec.packages.Application for test class com.lec.packages.ApplicationTests

  .   ____          _            __ _ _
 /\\ / ___'_ __ _ _(_)_ __  __ _ \ \ \ \
( ( )\___ | '_ | '_| | '_ \/ _` | \ \ \ \
 \\/  ___)| |_)| | | | | || (_| |  ) ) ) )
  '  |____| .__|_| |_|_| |_\__, | / / / /
 =========|_|==============|___/=/_/_/_/

 :: Spring Boot ::                (v3.4.0)

2024-12-12T22:01:15.715+09:00  INFO 8234 --- [demo] [    Test worker] com.lec.packages.ApplicationTests        : Starting ApplicationTests using Java 17.0.13 with PID 8234 (started by hyeji in /Users/hyeji/git/92_new)
2024-12-12T22:01:15.716+09:00  INFO 8234 --- [demo] [    Test worker] com.lec.packages.ApplicationTests        : No active profile set, falling back to 1 default profile: "default"
2024-12-12T22:01:16.060+09:00  INFO 8234 --- [demo] [    Test worker] .s.d.r.c.RepositoryConfigurationDelegate : Bootstrapping Spring Data JPA repositories in DEFAULT mode.
2024-12-12T22:01:16.071+09:00  INFO 8234 --- [demo] [    Test worker] .s.d.r.c.RepositoryConfigurationDelegate : Finished Spring Data repository scanning in 6 ms. Found 0 JPA repository interfaces.
2024-12-12T22:01:16.370+09:00  INFO 8234 --- [demo] [    Test worker] o.hibernate.jpa.internal.util.LogHelper  : HHH000204: Processing PersistenceUnitInfo [name: default]
2024-12-12T22:01:16.401+09:00  INFO 8234 --- [demo] [    Test worker] org.hibernate.Version                    : HHH000412: Hibernate ORM core version 6.6.2.Final
2024-12-12T22:01:16.417+09:00  INFO 8234 --- [demo] [    Test worker] o.h.c.internal.RegionFactoryInitiator    : HHH000026: Second-level cache disabled
2024-12-12T22:01:16.580+09:00  INFO 8234 --- [demo] [    Test worker] o.s.o.j.p.SpringPersistenceUnitInfo      : No LoadTimeWeaver setup: ignoring JPA class transformer
2024-12-12T22:01:16.599+09:00  INFO 8234 --- [demo] [    Test worker] com.zaxxer.hikari.HikariDataSource       : HikariPool-1 - Starting...
2024-12-12T22:01:18.749+09:00  INFO 8234 --- [demo] [    Test worker] com.zaxxer.hikari.pool.HikariPool        : HikariPool-1 - Added connection com.mysql.cj.jdbc.ConnectionImpl@2474df51
2024-12-12T22:01:18.753+09:00  INFO 8234 --- [demo] [    Test worker] com.zaxxer.hikari.HikariDataSource       : HikariPool-1 - Start completed.
2024-12-12T22:01:19.148+09:00  WARN 8234 --- [demo] [    Test worker] org.hibernate.orm.deprecation            : HHH90000025: MySQLDialect does not need to be specified explicitly using 'hibernate.dialect' (remove the property setting and it will be selected by default)
2024-12-12T22:01:19.159+09:00  INFO 8234 --- [demo] [    Test worker] org.hibernate.orm.connections.pooling    : HHH10001005: Database info:
	Database JDBC URL [Connecting through datasource 'HikariDataSource (HikariPool-1)']
	Database driver: undefined/unknown
	Database version: 8.0.34
	Autocommit mode: undefined/unknown
	Isolation level: undefined/unknown
	Minimum pool size: undefined/unknown
	Maximum pool size: undefined/unknown
2024-12-12T22:01:19.341+09:00  INFO 8234 --- [demo] [    Test worker] o.h.e.t.j.p.i.JtaPlatformInitiator       : HHH000489: No JTA platform available (set 'hibernate.transaction.jta.platform' to enable JTA platform integration)
2024-12-12T22:01:19.343+09:00  INFO 8234 --- [demo] [    Test worker] j.LocalContainerEntityManagerFactoryBean : Initialized JPA EntityManagerFactory for persistence unit 'default'
2024-12-12T22:01:19.472+09:00  WARN 8234 --- [demo] [    Test worker] JpaBaseConfiguration$JpaWebConfiguration : spring.jpa.open-in-view is enabled by default. Therefore, database queries may be performed during view rendering. Explicitly configure spring.jpa.open-in-view to disable this warning
2024-12-12T22:01:19.489+09:00  INFO 8234 --- [demo] [    Test worker] o.s.b.a.w.s.WelcomePageHandlerMapping    : Adding welcome page template: index
2024-12-12T22:01:19.759+09:00  INFO 8234 --- [demo] [    Test worker] com.lec.packages.ApplicationTests        : Started ApplicationTests in 4.215 seconds (process running for 4.965)
]]></system-out>
  <system-err><![CDATA[]]></system-err>
</testsuite>
